[LOG] System::create                           : Header version = 2.01.11. Current version = 2.01.11.
[LOG] Manager::init                            : maxchannels = 256 studioflags = 00000006 flags 00000000 extradriverdata 0000000000000000.
[LOG] SystemI::init                            : Initialize version=20111 (118066), maxchannels=256, flags=0x00020000
[LOG] SystemI::setOutputInternal               : Setting output to 'FMOD WASAPI Output'
[LOG] OutputWASAPI::init                       : Mix Format (WAVEFORMATEX): wFormatTag=0xFFFE, nChannels=2, nSamplesPerSec=48000, nAvgBytesPerSec=384000, nBlockAlign=8, wBitsPerSample=32, cbSize=22.
[LOG] OutputWASAPI::init                       : Mix Format (WAVEFORMATEXTENSIBLE): wValidBitsPerSample=32, dwChannelMask=0x00000003, SubFormat=00000003-0000-0010-8000-00AA00389B71.
[LOG] OutputWASAPI::init                       : Output buffer size: 4096 samples, latency: 0.00ms, period: 10.00ms, DSP buffer: 1024 * 4
[LOG] Thread::initThread                       : Init FMOD stream thread. Affinity: 0x8000000000000003, Priority: 0xFFFF7FFB, Stack Size: 98304, Semaphore: No, Sleep Time: 10, Looping: Yes.
[LOG] Thread::initThread                       : Init FMOD mixer thread. Affinity: 0x8000000000000001, Priority: 0xFFFF7FFA, Stack Size: 81920, Semaphore: No, Sleep Time: 0, Looping: Yes.
[LOG] AsyncManager::init                       : manager 0000028BC2010818 isAsync 0 updatePeriod 0.02
[LOG] AsyncManager::init                       : done
[LOG] PlaybackSystem::init                     : 
[LOG] Thread::initThread                       : Init FMOD Studio sample load thread. Affinity: 0x8000000000000003, Priority: 0xFFFF7FFD, Stack Size: 98304, Semaphore: No, Sleep Time: 1, Looping: No.
[LOG] PlaybackSystem::init                     : done
[LOG] Thread::initThread                       : Init FMOD Studio bank load thread. Affinity: 0x8000000000000003, Priority: 0xFFFF7FFD, Stack Size: 98304, Semaphore: No, Sleep Time: 1, Looping: No.
[LOG] Manager::init                            : done.
[LOG] Manager::readBank                        : fileversion = 135, compatVersion = 132 (oldest = 44, newest = 135)
[LOG] Manager::readBank                        : fileversion = 135, compatVersion = 132 (oldest = 44, newest = 135)
[LOG] Manager::readBank                        : fileversion = 135, compatVersion = 132 (oldest = 44, newest = 135)
[LOG] PlaybackSystem::acquireMasterBus         : Setting master channel group format to 3
[LOG] SoundI::release                          :  (0000028C38E35648)
[LOG] SoundI::release                          :     FS - Wood01 (0000028C25FA7A68)
[LOG] SoundI::release                          :  (0000028C248CF098)
[LOG] SoundI::release                          :     FS - Wood02 (0000028C25FA5368)
[LOG] SoundI::release                          :  (0000028C26AF1688)
[LOG] SoundI::release                          :     FS - Wood03 (0000028C25FA51C8)
[LOG] SoundI::release                          :  (0000028C26AF10C8)
[LOG] SoundI::release                          :     FS - Wood04 (0000028C25FA5B88)
[LOG] SoundI::release                          :  (0000028C248CF208)
[LOG] SoundI::release                          :     FS - Wood05 (0000028C25FA5028)
[LOG] SoundI::release                          :  (0000028C26AF1238)
[LOG] SoundI::release                          :     FS - Wood06 (0000028C25FA63A8)
[LOG] SoundI::release                          :  (0000028C248CF378)
[LOG] SoundI::release                          :     FS - Wood07 (0000028C25FA6068)
[LOG] SoundI::release                          :  (0000028C3CD03C58)
[LOG] SoundI::release                          :     FS - Wood08 (0000028C25FA4B48)
[LOG] SoundI::release                          :  (0000028C248CF658)
[LOG] SoundI::release                          :     FS - Wood09 (0000028C25FA6888)
[LOG] SoundI::release                          :  (0000028C26AF1518)
[LOG] SoundI::release                          :     FS - Wood10 (0000028C25FA6A28)
[LOG] SoundI::release                          :  (0000028C26AF13A8)
[LOG] SoundI::release                          :     FS - Wood11 (0000028C25FA5508)
[LOG] SoundI::release                          :  (0000028C38E351F8)
[LOG] SoundI::release                          :     FS - Wood12 (0000028C25FA44C8)
[LOG] SoundI::release                          :  (0000028C38E35368)
[LOG] SoundI::release                          :     FS - Wood13 (0000028C25FA49A8)
[LOG] Thread::callback                         : FMOD Studio update thread finished.
[LOG] Thread::callback                         : FMOD Studio bank load thread finished.
[LOG] Profile::disconnectAll                   : Profiler disconnecting all clients
[LOG] Thread::callback                         : FMOD Studio sample load thread finished.
[LOG] LiveUpdate::release                      : 
[LOG] LiveUpdate::reset                        : Reset connection (reason Disconnected)
[LOG] Thread::callback                         : FMOD stream thread finished.
[LOG] Thread::callback                         : FMOD mixer thread finished.
[LOG] Profile::disconnectAll                   : Profiler disconnecting all clients
[LOG] SystemI::close                           : Closed.
